[2859:2895:0910/212728.748832:ERROR:bus.cc(392)] Failed to connect to the bus: Failed to connect to socket /var/run/dbus/system_bus_socket: No such file or directory
[2859:2889:0910/212728.753043:ERROR:bus.cc(392)] Failed to connect to the bus: Could not parse server address: Unknown address type (examples of valid types are "tcp" and on UNIX "unix")
[2859:2889:0910/212728.753231:ERROR:bus.cc(392)] Failed to connect to the bus: Could not parse server address: Unknown address type (examples of valid types are "tcp" and on UNIX "unix")
[2859:2889:0910/212728.766695:ERROR:bus.cc(392)] Failed to connect to the bus: Could not parse server address: Unknown address type (examples of valid types are "tcp" and on UNIX "unix")
[2859:2889:0910/212728.766865:ERROR:bus.cc(392)] Failed to connect to the bus: Could not parse server address: Unknown address type (examples of valid types are "tcp" and on UNIX "unix")
[2859:2889:0910/212728.789649:ERROR:bus.cc(392)] Failed to connect to the bus: Could not parse server address: Unknown address type (examples of valid types are "tcp" and on UNIX "unix")
[2859:2889:0910/212728.789744:ERROR:bus.cc(392)] Failed to connect to the bus: Could not parse server address: Unknown address type (examples of valid types are "tcp" and on UNIX "unix")
[2903:2903:0910/212728.801803:WARNING:vaapi_wrapper.cc(589)] VAAPI video acceleration not available for swiftshader
[2903:2903:0910/212728.802102:ERROR:gpu_init.cc(441)] Passthrough is not supported, GL is swiftshader
[2859:2958:0910/212728.912814:ERROR:bus.cc(392)] Failed to connect to the bus: Failed to connect to socket /var/run/dbus/system_bus_socket: No such file or directory
[2859:2958:0910/212728.913039:ERROR:bus.cc(392)] Failed to connect to the bus: Failed to connect to socket /var/run/dbus/system_bus_socket: No such file or directory
[2859:2958:0910/212728.913172:ERROR:bus.cc(392)] Failed to connect to the bus: Failed to connect to socket /var/run/dbus/system_bus_socket: No such file or directory
[2859:2958:0910/212728.913487:WARNING:property.cc(144)] DaemonVersion: GetAndBlock: failed.
[2859:2958:0910/212728.913679:ERROR:bus.cc(392)] Failed to connect to the bus: Failed to connect to socket /var/run/dbus/system_bus_socket: No such file or directory
[2859:2958:0910/212728.913842:ERROR:bus.cc(392)] Failed to connect to the bus: Failed to connect to socket /var/run/dbus/system_bus_socket: No such file or directory
[2859:2859:0910/212731.324082:INFO:CONSOLE(0)] "Slow network is detected. See https://www.chromestatus.com/feature/5636954674692096 for more details. Fallback font will be used while loading: https://kolejka-wsc.mazowieckie.pl/rezerwacje/font/roboto/Roboto-Regular.woff2", source: https://kolejka-wsc.mazowieckie.pl/rezerwacje/pol/login#loc_2 (0)
[2859:2859:0910/212731.334762:INFO:CONSOLE(0)] "Slow network is detected. See https://www.chromestatus.com/feature/5636954674692096 for more details. Fallback font will be used while loading: https://kolejka-wsc.mazowieckie.pl/rezerwacje/font/material-design-icons/Material-Design-Icons.woff2", source: https://kolejka-wsc.mazowieckie.pl/rezerwacje/pol/login#loc_2 (0)
[2859:2859:0910/212731.334942:INFO:CONSOLE(0)] "Slow network is detected. See https://www.chromestatus.com/feature/5636954674692096 for more details. Fallback font will be used while loading: https://kolejka-wsc.mazowieckie.pl/rezerwacje/font/roboto/Roboto-Bold.woff2", source: https://kolejka-wsc.mazowieckie.pl/rezerwacje/pol/login#loc_2 (0)
[2859:2859:0910/212731.335641:INFO:CONSOLE(0)] "Slow network is detected. See https://www.chromestatus.com/feature/5636954674692096 for more details. Fallback font will be used while loading: https://kolejka-wsc.mazowieckie.pl/rezerwacje/font/roboto/Roboto-Light.woff2", source: https://kolejka-wsc.mazowieckie.pl/rezerwacje/pol/login#loc_2 (0)
[2859:2859:0910/212731.408502:INFO:CONSOLE(0)] "[DOM] Input elements should have autocomplete attributes (suggested: "current-password"): (More info: https://goo.gl/9p2vKq) %o", source: https://kolejka-wsc.mazowieckie.pl/rezerwacje/pol/login#loc_2 (0)
[2859:2859:0910/212731.426166:INFO:CONSOLE(0)] "Slow network is detected. See https://www.chromestatus.com/feature/5636954674692096 for more details. Fallback font will be used while loading: https://fonts.gstatic.com/s/materialicons/v99/flUhRq6tzZclQEJ-Vdg-IuiaDsNc.woff2", source: https://kolejka-wsc.mazowieckie.pl/rezerwacje/pol/login#loc_2 (0)
[2859:2859:0910/212936.896988:INFO:CONSOLE(7274)] "crbug/1173575, non-JS module files deprecated.", source: chrome-error://chromewebdata/ (7274)
[2859:2859:0910/212938.913121:INFO:CONSOLE(0)] "Slow network is detected. See https://www.chromestatus.com/feature/5636954674692096 for more details. Fallback font will be used while loading: https://kolejka-wsc.mazowieckie.pl/rezerwacje/font/roboto/Roboto-Regular.woff2", source: https://kolejka-wsc.mazowieckie.pl/rezerwacje/pol/login (0)
[2859:2859:0910/212938.921835:INFO:CONSOLE(0)] "Slow network is detected. See https://www.chromestatus.com/feature/5636954674692096 for more details. Fallback font will be used while loading: https://kolejka-wsc.mazowieckie.pl/rezerwacje/font/material-design-icons/Material-Design-Icons.woff2", source: https://kolejka-wsc.mazowieckie.pl/rezerwacje/pol/login (0)
[2859:2859:0910/212938.922122:INFO:CONSOLE(0)] "Slow network is detected. See https://www.chromestatus.com/feature/5636954674692096 for more details. Fallback font will be used while loading: https://kolejka-wsc.mazowieckie.pl/rezerwacje/font/roboto/Roboto-Bold.woff2", source: https://kolejka-wsc.mazowieckie.pl/rezerwacje/pol/login (0)
[2859:2859:0910/212938.923131:INFO:CONSOLE(0)] "Slow network is detected. See https://www.chromestatus.com/feature/5636954674692096 for more details. Fallback font will be used while loading: https://kolejka-wsc.mazowieckie.pl/rezerwacje/font/roboto/Roboto-Light.woff2", source: https://kolejka-wsc.mazowieckie.pl/rezerwacje/pol/login (0)
[2859:2859:0910/212938.989401:INFO:CONSOLE(0)] "[DOM] Input elements should have autocomplete attributes (suggested: "current-password"): (More info: https://goo.gl/9p2vKq) %o", source: https://kolejka-wsc.mazowieckie.pl/rezerwacje/pol/login (0)
[2859:2859:0910/212939.008898:INFO:CONSOLE(0)] "Slow network is detected. See https://www.chromestatus.com/feature/5636954674692096 for more details. Fallback font will be used while loading: https://fonts.gstatic.com/s/materialicons/v99/flUhRq6tzZclQEJ-Vdg-IuiaDsNc.woff2", source: https://kolejka-wsc.mazowieckie.pl/rezerwacje/pol/login (0)
[2859:2859:0910/212939.466349:WARNING:pref_notifier_impl.cc(40)] Pref observer for media_router.cast_allow_all_ips found at shutdown.
